<?xml version="1.0" encoding="UTF-8"?>
<!-- Generated by org.testng.reporters.JUnitReportReporter -->
<testsuite hostname="ramkrishnas-mbp.lan" failures="0" tests="5" name="com.salesforce.runners.LoginRunner" time="92.911" errors="0" timestamp="2024-02-25T02:03:27 CST" skipped="0">
  <testcase classname="com.salesforce.runners.LoginRunner" name="runScenario" time="26.248"/>
  <system-out/>
  <testcase classname="com.salesforce.runners.LoginRunner" name="runScenario" time="20.161"/>
  <system-out/>
  <testcase classname="com.salesforce.runners.LoginRunner" name="runScenario" time="24.844"/>
  <system-out/>
  <testcase classname="com.salesforce.runners.LoginRunner" name="runScenario" time="8.379"/>
  <system-out/>
  <testcase classname="com.salesforce.runners.LoginRunner" name="runScenario" time="13.279"/>
  <system-out/>
</testsuite> <!-- com.salesforce.runners.LoginRunner -->
